State 96 conflicts: 1 shift/reduce


Grammar

    0 $accept: Program $end

    1 Program: _PROGRAM _ID ConstList ClassList VarList _LBRACKET MethodDeclList _RBRACKET

    2 ConstList: %empty
    3          | ConstDecl ConstList

    4 ConstDecl: _CONST _TYPE _ID _ASSIGN ConstType ConstDeclList _SEMICOLON

    5 ConstDeclList: %empty
    6              | ConstDeclList _COMMA _ID _ASSIGN ConstType

    7 ConstType: _NUMBER
    8          | _CHAR_CONST
    9          | _BOOL_CONST
   10          | _STRING_CONST

   11 VarList: %empty
   12        | VarDecl VarList

   13 VarDecl: _TYPE _ID VarDeclList _SEMICOLON
   14        | _TYPE _ID _LSQBRACKET _RSQBRACKET VarDeclList _SEMICOLON
   15        | _ID _ID VarDeclList _SEMICOLON

   16 VarDeclList: %empty
   17            | _COMMA _ID VarDeclList
   18            | _COMMA _ID _LSQBRACKET _RSQBRACKET VarDeclList

   19 ClassList: %empty
   20          | ClassDecl ClassList

   21 $@1: %empty

   22 ClassDecl: _CLASS _ID $@1 _LBRACKET VarList _LBRACKET MethodDeclList _RBRACKET _RBRACKET
   23          | _CLASS _ID _EXTENDS _ID _LBRACKET VarList _LBRACKET MethodDeclList _RBRACKET _RBRACKET

   24 MethodDeclList: %empty
   25               | MethodDecl MethodDeclList

   26 $@2: %empty

   27 $@3: %empty

   28 $@4: %empty

   29 MethodDecl: _TYPE _ID $@2 _LPAREN $@3 FormPars _RPAREN $@4 VarList _LBRACKET Block _RBRACKET
   30           | _VOID _ID _LPAREN FormPars _RPAREN VarList _LBRACKET Block _RBRACKET

   31 FormPars: %empty
   32         | FormPar
   33         | FormPars _COMMA FormPar

   34 FormPar: _TYPE _ID
   35        | _TYPE _ID _LSQBRACKET _RSQBRACKET

   36 Block: %empty
   37      | Statement Block

   38 Statement: Designator
   39          | VarDecl
   40          | Designator _ASSIGN Expression _SEMICOLON
   41          | Designator _LPAREN ActPars _RPAREN _SEMICOLON
   42          | Designator _LPAREN _RPAREN _SEMICOLON
   43          | Designator _INCREMENT _SEMICOLON
   44          | Designator _DECREMENT _SEMICOLON
   45          | _IF _LPAREN Condition _RPAREN _LBRACKET Block _RBRACKET
   46          | _IF _LPAREN Condition _RPAREN _LBRACKET Block _RBRACKET _ELSE _LBRACKET Block _RBRACKET
   47          | _IF _LPAREN Condition _RPAREN _LBRACKET Block _RBRACKET ElseIfList
   48          | _WHILE _LPAREN Condition _RPAREN _LBRACKET Block _RBRACKET
   49          | _BREAK _SEMICOLON
   50          | _RETURN _SEMICOLON
   51          | _RETURN Expression _SEMICOLON
   52          | _READ _LPAREN Designator _RPAREN _SEMICOLON
   53          | _PRINT _LPAREN Expression _RPAREN _SEMICOLON
   54          | _PRINT _LPAREN Expression _COMMA _NUMBER _RPAREN _SEMICOLON

   55 ElseIfList: _ELSE _IF _LPAREN Condition _RPAREN _LBRACKET Block _RBRACKET
   56           | ElseIfList _ELSE _IF _LPAREN Condition _RPAREN _LBRACKET Block _RBRACKET

   57 ActPars: Expression
   58        | ActPars _COMMA Expression

   59 Condition: CondTerm
   60          | Condition _OR CondTerm

   61 CondTerm: CondFact
   62         | CondTerm _AND CondFact

   63 CondFact: Expression
   64         | Expression CondFactList

   65 CondFactList: Relop Expression
   66             | CondFactList Relop Expression

   67 Expression: _MINUS Term
   68           | _PLUS Term
   69           | Term
   70           | _MINUS Term AddopTermList
   71           | _PLUS Term AddopTermList
   72           | Term AddopTermList

   73 AddopTermList: Addop Term
   74              | Addop Term AddopTermList

   75 Term: Factor
   76     | Factor MulopFactorList

   77 MulopFactorList: Mulop Factor
   78                | MulopFactorList Mulop Factor

   79 Factor: Designator
   80       | Designator _LPAREN _RPAREN
   81       | Designator _LPAREN ActPars _RPAREN
   82       | _NUMBER
   83       | _CHAR_CONST
   84       | _STRING_CONST
   85       | _NEW _ID
   86       | _NEW _ID _LSQBRACKET Expression _RSQBRACKET
   87       | _NEW _TYPE _LSQBRACKET Expression _RSQBRACKET
   88       | _LPAREN Expression _RPAREN

   89 Designator: _ID

   90 @5: %empty

   91 Designator: _ID @5 DesignatorRepeatList

   92 DesignatorRepeatList: DesignatorRepeat
   93                     | DesignatorRepeatList DesignatorRepeat

   94 DesignatorRepeat: _DOT _ID
   95                 | _LSQBRACKET Expression _RSQBRACKET

   96 Relop: _RELOP

   97 Addop: _PLUS
   98      | _MINUS

   99 Mulop: _TIMES
  100      | _DIV
  101      | _MOD


Terminals, with rules where they appear

$end (0) 0
error (256)
_PROGRAM (258) 1
_BREAK (259) 49
_CLASS (260) 22 23
_CONST (261) 4
_NEW (262) 85 86 87
_PRINT (263) 53 54
_READ (264) 52
_VOID (265) 30
_WHILE (266) 48
_EXTENDS (267) 23
_IF (268) 45 46 47 55 56
_ELSE (269) 46 55 56
_RETURN (270) 50 51
_TYPE (271) 4 13 14 29 34 35 87
_ID (272) 1 4 6 13 14 15 17 18 22 23 29 30 34 35 85 86 89 91 94
_NUMBER (273) 7 54 82
_CHAR_CONST (274) 8 83
_BOOL_CONST (275) 9
_STRING_CONST (276) 10 84
_PLUS (277) 68 71 97
_MINUS (278) 67 70 98
_TIMES (279) 99
_DIV (280) 100
_MOD (281) 101
_RELOP (282) 96
_AND (283) 62
_OR (284) 60
_ASSIGN (285) 4 6 40
_INCREMENT (286) 43
_DECREMENT (287) 44
_SEMICOLON (288) 4 13 14 15 40 41 42 43 44 49 50 51 52 53 54
_COMMA (289) 6 17 18 33 54 58
_DOT (290) 94
_LPAREN (291) 29 30 41 42 45 46 47 48 52 53 54 55 56 80 81 88
_RPAREN (292) 29 30 41 42 45 46 47 48 52 53 54 55 56 80 81 88
_LSQBRACKET (293) 14 18 35 86 87 95
_RSQBRACKET (294) 14 18 35 86 87 95
_LBRACKET (295) 1 22 23 29 30 45 46 47 48 55 56
_RBRACKET (296) 1 22 23 29 30 45 46 47 48 55 56


Nonterminals, with rules where they appear

$accept (42)
    on left: 0
Program (43)
    on left: 1, on right: 0
ConstList (44)
    on left: 2 3, on right: 1 3
ConstDecl (45)
    on left: 4, on right: 3
ConstDeclList (46)
    on left: 5 6, on right: 4 6
ConstType (47)
    on left: 7 8 9 10, on right: 4 6
VarList (48)
    on left: 11 12, on right: 1 12 22 23 29 30
VarDecl (49)
    on left: 13 14 15, on right: 12 39
VarDeclList (50)
    on left: 16 17 18, on right: 13 14 15 17 18
ClassList (51)
    on left: 19 20, on right: 1 20
ClassDecl (52)
    on left: 22 23, on right: 20
$@1 (53)
    on left: 21, on right: 22
MethodDeclList (54)
    on left: 24 25, on right: 1 22 23 25
MethodDecl (55)
    on left: 29 30, on right: 25
$@2 (56)
    on left: 26, on right: 29
$@3 (57)
    on left: 27, on right: 29
$@4 (58)
    on left: 28, on right: 29
FormPars (59)
    on left: 31 32 33, on right: 29 30 33
FormPar (60)
    on left: 34 35, on right: 32 33
Block (61)
    on left: 36 37, on right: 29 30 37 45 46 47 48 55 56
Statement (62)
    on left: 38 39 40 41 42 43 44 45 46 47 48 49 50 51 52 53 54, on right:
    37
ElseIfList (63)
    on left: 55 56, on right: 47 56
ActPars (64)
    on left: 57 58, on right: 41 58 81
Condition (65)
    on left: 59 60, on right: 45 46 47 48 55 56 60
CondTerm (66)
    on left: 61 62, on right: 59 60 62
CondFact (67)
    on left: 63 64, on right: 61 62
CondFactList (68)
    on left: 65 66, on right: 64 66
Expression (69)
    on left: 67 68 69 70 71 72, on right: 40 51 53 54 57 58 63 64 65
    66 86 87 88 95
AddopTermList (70)
    on left: 73 74, on right: 70 71 72 74
Term (71)
    on left: 75 76, on right: 67 68 69 70 71 72 73 74
MulopFactorList (72)
    on left: 77 78, on right: 76 78
Factor (73)
    on left: 79 80 81 82 83 84 85 86 87 88, on right: 75 76 77 78
Designator (74)
    on left: 89 91, on right: 38 40 41 42 43 44 52 79 80 81
@5 (75)
    on left: 90, on right: 91
DesignatorRepeatList (76)
    on left: 92 93, on right: 91 93
DesignatorRepeat (77)
    on left: 94 95, on right: 92 93
Relop (78)
    on left: 96, on right: 65 66
Addop (79)
    on left: 97 98, on right: 73 74
Mulop (80)
    on left: 99 100 101, on right: 77 78


State 0

    0 $accept: . Program $end

    _PROGRAM  shift, and go to state 1

    Program  go to state 2


State 1

    1 Program: _PROGRAM . _ID ConstList ClassList VarList _LBRACKET MethodDeclList _RBRACKET

    _ID  shift, and go to state 3


State 2

    0 $accept: Program . $end

    $end  shift, and go to state 4


State 3

    1 Program: _PROGRAM _ID . ConstList ClassList VarList _LBRACKET MethodDeclList _RBRACKET

    _CONST  shift, and go to state 5

    $default  reduce using rule 2 (ConstList)

    ConstList  go to state 6
    ConstDecl  go to state 7


State 4

    0 $accept: Program $end .

    $default  accept


State 5

    4 ConstDecl: _CONST . _TYPE _ID _ASSIGN ConstType ConstDeclList _SEMICOLON

    _TYPE  shift, and go to state 8


State 6

    1 Program: _PROGRAM _ID ConstList . ClassList VarList _LBRACKET MethodDeclList _RBRACKET

    _CLASS  shift, and go to state 9

    $default  reduce using rule 19 (ClassList)

    ClassList  go to state 10
    ClassDecl  go to state 11


State 7

    3 ConstList: ConstDecl . ConstList

    _CONST  shift, and go to state 5

    $default  reduce using rule 2 (ConstList)

    ConstList  go to state 12
    ConstDecl  go to state 7


State 8

    4 ConstDecl: _CONST _TYPE . _ID _ASSIGN ConstType ConstDeclList _SEMICOLON

    _ID  shift, and go to state 13


State 9

   22 ClassDecl: _CLASS . _ID $@1 _LBRACKET VarList _LBRACKET MethodDeclList _RBRACKET _RBRACKET
   23          | _CLASS . _ID _EXTENDS _ID _LBRACKET VarList _LBRACKET MethodDeclList _RBRACKET _RBRACKET

    _ID  shift, and go to state 14


State 10

    1 Program: _PROGRAM _ID ConstList ClassList . VarList _LBRACKET MethodDeclList _RBRACKET

    _TYPE  shift, and go to state 15
    _ID    shift, and go to state 16

    $default  reduce using rule 11 (VarList)

    VarList  go to state 17
    VarDecl  go to state 18


State 11

   20 ClassList: ClassDecl . ClassList

    _CLASS  shift, and go to state 9

    $default  reduce using rule 19 (ClassList)

    ClassList  go to state 19
    ClassDecl  go to state 11


State 12

    3 ConstList: ConstDecl ConstList .

    $default  reduce using rule 3 (ConstList)


State 13

    4 ConstDecl: _CONST _TYPE _ID . _ASSIGN ConstType ConstDeclList _SEMICOLON

    _ASSIGN  shift, and go to state 20


State 14

   22 ClassDecl: _CLASS _ID . $@1 _LBRACKET VarList _LBRACKET MethodDeclList _RBRACKET _RBRACKET
   23          | _CLASS _ID . _EXTENDS _ID _LBRACKET VarList _LBRACKET MethodDeclList _RBRACKET _RBRACKET

    _EXTENDS  shift, and go to state 21

    $default  reduce using rule 21 ($@1)

    $@1  go to state 22


State 15

   13 VarDecl: _TYPE . _ID VarDeclList _SEMICOLON
   14        | _TYPE . _ID _LSQBRACKET _RSQBRACKET VarDeclList _SEMICOLON

    _ID  shift, and go to state 23


State 16

   15 VarDecl: _ID . _ID VarDeclList _SEMICOLON

    _ID  shift, and go to state 24


State 17

    1 Program: _PROGRAM _ID ConstList ClassList VarList . _LBRACKET MethodDeclList _RBRACKET

    _LBRACKET  shift, and go to state 25


State 18

   12 VarList: VarDecl . VarList

    _TYPE  shift, and go to state 15
    _ID    shift, and go to state 16

    $default  reduce using rule 11 (VarList)

    VarList  go to state 26
    VarDecl  go to state 18


State 19

   20 ClassList: ClassDecl ClassList .

    $default  reduce using rule 20 (ClassList)


State 20

    4 ConstDecl: _CONST _TYPE _ID _ASSIGN . ConstType ConstDeclList _SEMICOLON

    _NUMBER        shift, and go to state 27
    _CHAR_CONST    shift, and go to state 28
    _BOOL_CONST    shift, and go to state 29
    _STRING_CONST  shift, and go to state 30

    ConstType  go to state 31


State 21

   23 ClassDecl: _CLASS _ID _EXTENDS . _ID _LBRACKET VarList _LBRACKET MethodDeclList _RBRACKET _RBRACKET

    _ID  shift, and go to state 32


State 22

   22 ClassDecl: _CLASS _ID $@1 . _LBRACKET VarList _LBRACKET MethodDeclList _RBRACKET _RBRACKET

    _LBRACKET  shift, and go to state 33


State 23

   13 VarDecl: _TYPE _ID . VarDeclList _SEMICOLON
   14        | _TYPE _ID . _LSQBRACKET _RSQBRACKET VarDeclList _SEMICOLON

    _COMMA       shift, and go to state 34
    _LSQBRACKET  shift, and go to state 35

    $default  reduce using rule 16 (VarDeclList)

    VarDeclList  go to state 36


State 24

   15 VarDecl: _ID _ID . VarDeclList _SEMICOLON

    _COMMA  shift, and go to state 34

    $default  reduce using rule 16 (VarDeclList)

    VarDeclList  go to state 37


State 25

    1 Program: _PROGRAM _ID ConstList ClassList VarList _LBRACKET . MethodDeclList _RBRACKET

    _VOID  shift, and go to state 38
    _TYPE  shift, and go to state 39

    $default  reduce using rule 24 (MethodDeclList)

    MethodDeclList  go to state 40
    MethodDecl      go to state 41


State 26

   12 VarList: VarDecl VarList .

    $default  reduce using rule 12 (VarList)


State 27

    7 ConstType: _NUMBER .

    $default  reduce using rule 7 (ConstType)


State 28

    8 ConstType: _CHAR_CONST .

    $default  reduce using rule 8 (ConstType)


State 29

    9 ConstType: _BOOL_CONST .

    $default  reduce using rule 9 (ConstType)


State 30

   10 ConstType: _STRING_CONST .

    $default  reduce using rule 10 (ConstType)


State 31

    4 ConstDecl: _CONST _TYPE _ID _ASSIGN ConstType . ConstDeclList _SEMICOLON

    $default  reduce using rule 5 (ConstDeclList)

    ConstDeclList  go to state 42


State 32

   23 ClassDecl: _CLASS _ID _EXTENDS _ID . _LBRACKET VarList _LBRACKET MethodDeclList _RBRACKET _RBRACKET

    _LBRACKET  shift, and go to state 43


State 33

   22 ClassDecl: _CLASS _ID $@1 _LBRACKET . VarList _LBRACKET MethodDeclList _RBRACKET _RBRACKET

    _TYPE  shift, and go to state 15
    _ID    shift, and go to state 16

    $default  reduce using rule 11 (VarList)

    VarList  go to state 44
    VarDecl  go to state 18


State 34

   17 VarDeclList: _COMMA . _ID VarDeclList
   18            | _COMMA . _ID _LSQBRACKET _RSQBRACKET VarDeclList

    _ID  shift, and go to state 45


State 35

   14 VarDecl: _TYPE _ID _LSQBRACKET . _RSQBRACKET VarDeclList _SEMICOLON

    _RSQBRACKET  shift, and go to state 46


State 36

   13 VarDecl: _TYPE _ID VarDeclList . _SEMICOLON

    _SEMICOLON  shift, and go to state 47


State 37

   15 VarDecl: _ID _ID VarDeclList . _SEMICOLON

    _SEMICOLON  shift, and go to state 48


State 38

   30 MethodDecl: _VOID . _ID _LPAREN FormPars _RPAREN VarList _LBRACKET Block _RBRACKET

    _ID  shift, and go to state 49


State 39

   29 MethodDecl: _TYPE . _ID $@2 _LPAREN $@3 FormPars _RPAREN $@4 VarList _LBRACKET Block _RBRACKET

    _ID  shift, and go to state 50


State 40

    1 Program: _PROGRAM _ID ConstList ClassList VarList _LBRACKET MethodDeclList . _RBRACKET

    _RBRACKET  shift, and go to state 51


State 41

   25 MethodDeclList: MethodDecl . MethodDeclList

    _VOID  shift, and go to state 38
    _TYPE  shift, and go to state 39

    $default  reduce using rule 24 (MethodDeclList)

    MethodDeclList  go to state 52
    MethodDecl      go to state 41


State 42

    4 ConstDecl: _CONST _TYPE _ID _ASSIGN ConstType ConstDeclList . _SEMICOLON
    6 ConstDeclList: ConstDeclList . _COMMA _ID _ASSIGN ConstType

    _SEMICOLON  shift, and go to state 53
    _COMMA      shift, and go to state 54


State 43

   23 ClassDecl: _CLASS _ID _EXTENDS _ID _LBRACKET . VarList _LBRACKET MethodDeclList _RBRACKET _RBRACKET

    _TYPE  shift, and go to state 15
    _ID    shift, and go to state 16

    $default  reduce using rule 11 (VarList)

    VarList  go to state 55
    VarDecl  go to state 18


State 44

   22 ClassDecl: _CLASS _ID $@1 _LBRACKET VarList . _LBRACKET MethodDeclList _RBRACKET _RBRACKET

    _LBRACKET  shift, and go to state 56


State 45

   17 VarDeclList: _COMMA _ID . VarDeclList
   18            | _COMMA _ID . _LSQBRACKET _RSQBRACKET VarDeclList

    _COMMA       shift, and go to state 34
    _LSQBRACKET  shift, and go to state 57

    $default  reduce using rule 16 (VarDeclList)

    VarDeclList  go to state 58


State 46

   14 VarDecl: _TYPE _ID _LSQBRACKET _RSQBRACKET . VarDeclList _SEMICOLON

    _COMMA  shift, and go to state 34

    $default  reduce using rule 16 (VarDeclList)

    VarDeclList  go to state 59


State 47

   13 VarDecl: _TYPE _ID VarDeclList _SEMICOLON .

    $default  reduce using rule 13 (VarDecl)


State 48

   15 VarDecl: _ID _ID VarDeclList _SEMICOLON .

    $default  reduce using rule 15 (VarDecl)


State 49

   30 MethodDecl: _VOID _ID . _LPAREN FormPars _RPAREN VarList _LBRACKET Block _RBRACKET

    _LPAREN  shift, and go to state 60


State 50

   29 MethodDecl: _TYPE _ID . $@2 _LPAREN $@3 FormPars _RPAREN $@4 VarList _LBRACKET Block _RBRACKET

    $default  reduce using rule 26 ($@2)

    $@2  go to state 61


State 51

    1 Program: _PROGRAM _ID ConstList ClassList VarList _LBRACKET MethodDeclList _RBRACKET .

    $default  reduce using rule 1 (Program)


State 52

   25 MethodDeclList: MethodDecl MethodDeclList .

    $default  reduce using rule 25 (MethodDeclList)


State 53

    4 ConstDecl: _CONST _TYPE _ID _ASSIGN ConstType ConstDeclList _SEMICOLON .

    $default  reduce using rule 4 (ConstDecl)


State 54

    6 ConstDeclList: ConstDeclList _COMMA . _ID _ASSIGN ConstType

    _ID  shift, and go to state 62


State 55

   23 ClassDecl: _CLASS _ID _EXTENDS _ID _LBRACKET VarList . _LBRACKET MethodDeclList _RBRACKET _RBRACKET

    _LBRACKET  shift, and go to state 63


State 56

   22 ClassDecl: _CLASS _ID $@1 _LBRACKET VarList _LBRACKET . MethodDeclList _RBRACKET _RBRACKET

    _VOID  shift, and go to state 38
    _TYPE  shift, and go to state 39

    $default  reduce using rule 24 (MethodDeclList)

    MethodDeclList  go to state 64
    MethodDecl      go to state 41


State 57

   18 VarDeclList: _COMMA _ID _LSQBRACKET . _RSQBRACKET VarDeclList

    _RSQBRACKET  shift, and go to state 65


State 58

   17 VarDeclList: _COMMA _ID VarDeclList .

    $default  reduce using rule 17 (VarDeclList)


State 59

   14 VarDecl: _TYPE _ID _LSQBRACKET _RSQBRACKET VarDeclList . _SEMICOLON

    _SEMICOLON  shift, and go to state 66


State 60

   30 MethodDecl: _VOID _ID _LPAREN . FormPars _RPAREN VarList _LBRACKET Block _RBRACKET

    _TYPE  shift, and go to state 67

    $default  reduce using rule 31 (FormPars)

    FormPars  go to state 68
    FormPar   go to state 69


State 61

   29 MethodDecl: _TYPE _ID $@2 . _LPAREN $@3 FormPars _RPAREN $@4 VarList _LBRACKET Block _RBRACKET

    _LPAREN  shift, and go to state 70


State 62

    6 ConstDeclList: ConstDeclList _COMMA _ID . _ASSIGN ConstType

    _ASSIGN  shift, and go to state 71


State 63

   23 ClassDecl: _CLASS _ID _EXTENDS _ID _LBRACKET VarList _LBRACKET . MethodDeclList _RBRACKET _RBRACKET

    _VOID  shift, and go to state 38
    _TYPE  shift, and go to state 39

    $default  reduce using rule 24 (MethodDeclList)

    MethodDeclList  go to state 72
    MethodDecl      go to state 41


State 64

   22 ClassDecl: _CLASS _ID $@1 _LBRACKET VarList _LBRACKET MethodDeclList . _RBRACKET _RBRACKET

    _RBRACKET  shift, and go to state 73


State 65

   18 VarDeclList: _COMMA _ID _LSQBRACKET _RSQBRACKET . VarDeclList

    _COMMA  shift, and go to state 34

    $default  reduce using rule 16 (VarDeclList)

    VarDeclList  go to state 74


State 66

   14 VarDecl: _TYPE _ID _LSQBRACKET _RSQBRACKET VarDeclList _SEMICOLON .

    $default  reduce using rule 14 (VarDecl)


State 67

   34 FormPar: _TYPE . _ID
   35        | _TYPE . _ID _LSQBRACKET _RSQBRACKET

    _ID  shift, and go to state 75


State 68

   30 MethodDecl: _VOID _ID _LPAREN FormPars . _RPAREN VarList _LBRACKET Block _RBRACKET
   33 FormPars: FormPars . _COMMA FormPar

    _COMMA   shift, and go to state 76
    _RPAREN  shift, and go to state 77


State 69

   32 FormPars: FormPar .

    $default  reduce using rule 32 (FormPars)


State 70

   29 MethodDecl: _TYPE _ID $@2 _LPAREN . $@3 FormPars _RPAREN $@4 VarList _LBRACKET Block _RBRACKET

    $default  reduce using rule 27 ($@3)

    $@3  go to state 78


State 71

    6 ConstDeclList: ConstDeclList _COMMA _ID _ASSIGN . ConstType

    _NUMBER        shift, and go to state 27
    _CHAR_CONST    shift, and go to state 28
    _BOOL_CONST    shift, and go to state 29
    _STRING_CONST  shift, and go to state 30

    ConstType  go to state 79


State 72

   23 ClassDecl: _CLASS _ID _EXTENDS _ID _LBRACKET VarList _LBRACKET MethodDeclList . _RBRACKET _RBRACKET

    _RBRACKET  shift, and go to state 80


State 73

   22 ClassDecl: _CLASS _ID $@1 _LBRACKET VarList _LBRACKET MethodDeclList _RBRACKET . _RBRACKET

    _RBRACKET  shift, and go to state 81


State 74

   18 VarDeclList: _COMMA _ID _LSQBRACKET _RSQBRACKET VarDeclList .

    $default  reduce using rule 18 (VarDeclList)


State 75

   34 FormPar: _TYPE _ID .
   35        | _TYPE _ID . _LSQBRACKET _RSQBRACKET

    _LSQBRACKET  shift, and go to state 82

    $default  reduce using rule 34 (FormPar)


State 76

   33 FormPars: FormPars _COMMA . FormPar

    _TYPE  shift, and go to state 67

    FormPar  go to state 83


State 77

   30 MethodDecl: _VOID _ID _LPAREN FormPars _RPAREN . VarList _LBRACKET Block _RBRACKET

    _TYPE  shift, and go to state 15
    _ID    shift, and go to state 16

    $default  reduce using rule 11 (VarList)

    VarList  go to state 84
    VarDecl  go to state 18


State 78

   29 MethodDecl: _TYPE _ID $@2 _LPAREN $@3 . FormPars _RPAREN $@4 VarList _LBRACKET Block _RBRACKET

    _TYPE  shift, and go to state 67

    $default  reduce using rule 31 (FormPars)

    FormPars  go to state 85
    FormPar   go to state 69


State 79

    6 ConstDeclList: ConstDeclList _COMMA _ID _ASSIGN ConstType .

    $default  reduce using rule 6 (ConstDeclList)


State 80

   23 ClassDecl: _CLASS _ID _EXTENDS _ID _LBRACKET VarList _LBRACKET MethodDeclList _RBRACKET . _RBRACKET

    _RBRACKET  shift, and go to state 86


State 81

   22 ClassDecl: _CLASS _ID $@1 _LBRACKET VarList _LBRACKET MethodDeclList _RBRACKET _RBRACKET .

    $default  reduce using rule 22 (ClassDecl)


State 82

   35 FormPar: _TYPE _ID _LSQBRACKET . _RSQBRACKET

    _RSQBRACKET  shift, and go to state 87


State 83

   33 FormPars: FormPars _COMMA FormPar .

    $default  reduce using rule 33 (FormPars)


State 84

   30 MethodDecl: _VOID _ID _LPAREN FormPars _RPAREN VarList . _LBRACKET Block _RBRACKET

    _LBRACKET  shift, and go to state 88


State 85

   29 MethodDecl: _TYPE _ID $@2 _LPAREN $@3 FormPars . _RPAREN $@4 VarList _LBRACKET Block _RBRACKET
   33 FormPars: FormPars . _COMMA FormPar

    _COMMA   shift, and go to state 76
    _RPAREN  shift, and go to state 89


State 86

   23 ClassDecl: _CLASS _ID _EXTENDS _ID _LBRACKET VarList _LBRACKET MethodDeclList _RBRACKET _RBRACKET .

    $default  reduce using rule 23 (ClassDecl)


State 87

   35 FormPar: _TYPE _ID _LSQBRACKET _RSQBRACKET .

    $default  reduce using rule 35 (FormPar)


State 88

   30 MethodDecl: _VOID _ID _LPAREN FormPars _RPAREN VarList _LBRACKET . Block _RBRACKET

    _BREAK   shift, and go to state 90
    _PRINT   shift, and go to state 91
    _READ    shift, and go to state 92
    _WHILE   shift, and go to state 93
    _IF      shift, and go to state 94
    _RETURN  shift, and go to state 95
    _TYPE    shift, and go to state 15
    _ID      shift, and go to state 96

    $default  reduce using rule 36 (Block)

    VarDecl     go to state 97
    Block       go to state 98
    Statement   go to state 99
    Designator  go to state 100


State 89

   29 MethodDecl: _TYPE _ID $@2 _LPAREN $@3 FormPars _RPAREN . $@4 VarList _LBRACKET Block _RBRACKET

    $default  reduce using rule 28 ($@4)

    $@4  go to state 101


State 90

   49 Statement: _BREAK . _SEMICOLON

    _SEMICOLON  shift, and go to state 102


State 91

   53 Statement: _PRINT . _LPAREN Expression _RPAREN _SEMICOLON
   54          | _PRINT . _LPAREN Expression _COMMA _NUMBER _RPAREN _SEMICOLON

    _LPAREN  shift, and go to state 103


State 92

   52 Statement: _READ . _LPAREN Designator _RPAREN _SEMICOLON

    _LPAREN  shift, and go to state 104


State 93

   48 Statement: _WHILE . _LPAREN Condition _RPAREN _LBRACKET Block _RBRACKET

    _LPAREN  shift, and go to state 105


State 94

   45 Statement: _IF . _LPAREN Condition _RPAREN _LBRACKET Block _RBRACKET
   46          | _IF . _LPAREN Condition _RPAREN _LBRACKET Block _RBRACKET _ELSE _LBRACKET Block _RBRACKET
   47          | _IF . _LPAREN Condition _RPAREN _LBRACKET Block _RBRACKET ElseIfList

    _LPAREN  shift, and go to state 106


State 95

   50 Statement: _RETURN . _SEMICOLON
   51          | _RETURN . Expression _SEMICOLON

    _NEW           shift, and go to state 107
    _ID            shift, and go to state 108
    _NUMBER        shift, and go to state 109
    _CHAR_CONST    shift, and go to state 110
    _STRING_CONST  shift, and go to state 111
    _PLUS          shift, and go to state 112
    _MINUS         shift, and go to state 113
    _SEMICOLON     shift, and go to state 114
    _LPAREN        shift, and go to state 115

    Expression  go to state 116
    Term        go to state 117
    Factor      go to state 118
    Designator  go to state 119


State 96

   15 VarDecl: _ID . _ID VarDeclList _SEMICOLON
   89 Designator: _ID .
   91           | _ID . @5 DesignatorRepeatList

    _ID  shift, and go to state 24

    _ID          [reduce using rule 89 (Designator)]
    _DOT         reduce using rule 90 (@5)
    _LSQBRACKET  reduce using rule 90 (@5)
    $default     reduce using rule 89 (Designator)

    @5  go to state 120


State 97

   39 Statement: VarDecl .

    $default  reduce using rule 39 (Statement)


State 98

   30 MethodDecl: _VOID _ID _LPAREN FormPars _RPAREN VarList _LBRACKET Block . _RBRACKET

    _RBRACKET  shift, and go to state 121


State 99

   37 Block: Statement . Block

    _BREAK   shift, and go to state 90
    _PRINT   shift, and go to state 91
    _READ    shift, and go to state 92
    _WHILE   shift, and go to state 93
    _IF      shift, and go to state 94
    _RETURN  shift, and go to state 95
    _TYPE    shift, and go to state 15
    _ID      shift, and go to state 96

    $default  reduce using rule 36 (Block)

    VarDecl     go to state 97
    Block       go to state 122
    Statement   go to state 99
    Designator  go to state 100


State 100

   38 Statement: Designator .
   40          | Designator . _ASSIGN Expression _SEMICOLON
   41          | Designator . _LPAREN ActPars _RPAREN _SEMICOLON
   42          | Designator . _LPAREN _RPAREN _SEMICOLON
   43          | Designator . _INCREMENT _SEMICOLON
   44          | Designator . _DECREMENT _SEMICOLON

    _ASSIGN     shift, and go to state 123
    _INCREMENT  shift, and go to state 124
    _DECREMENT  shift, and go to state 125
    _LPAREN     shift, and go to state 126

    $default  reduce using rule 38 (Statement)


State 101

   29 MethodDecl: _TYPE _ID $@2 _LPAREN $@3 FormPars _RPAREN $@4 . VarList _LBRACKET Block _RBRACKET

    _TYPE  shift, and go to state 15
    _ID    shift, and go to state 16

    $default  reduce using rule 11 (VarList)

    VarList  go to state 127
    VarDecl  go to state 18


State 102

   49 Statement: _BREAK _SEMICOLON .

    $default  reduce using rule 49 (Statement)


State 103

   53 Statement: _PRINT _LPAREN . Expression _RPAREN _SEMICOLON
   54          | _PRINT _LPAREN . Expression _COMMA _NUMBER _RPAREN _SEMICOLON

    _NEW           shift, and go to state 107
    _ID            shift, and go to state 108
    _NUMBER        shift, and go to state 109
    _CHAR_CONST    shift, and go to state 110
    _STRING_CONST  shift, and go to state 111
    _PLUS          shift, and go to state 112
    _MINUS         shift, and go to state 113
    _LPAREN        shift, and go to state 115

    Expression  go to state 128
    Term        go to state 117
    Factor      go to state 118
    Designator  go to state 119


State 104

   52 Statement: _READ _LPAREN . Designator _RPAREN _SEMICOLON

    _ID  shift, and go to state 108

    Designator  go to state 129


State 105

   48 Statement: _WHILE _LPAREN . Condition _RPAREN _LBRACKET Block _RBRACKET

    _NEW           shift, and go to state 107
    _ID            shift, and go to state 108
    _NUMBER        shift, and go to state 109
    _CHAR_CONST    shift, and go to state 110
    _STRING_CONST  shift, and go to state 111
    _PLUS          shift, and go to state 112
    _MINUS         shift, and go to state 113
    _LPAREN        shift, and go to state 115

    Condition   go to state 130
    CondTerm    go to state 131
    CondFact    go to state 132
    Expression  go to state 133
    Term        go to state 117
    Factor      go to state 118
    Designator  go to state 119


State 106

   45 Statement: _IF _LPAREN . Condition _RPAREN _LBRACKET Block _RBRACKET
   46          | _IF _LPAREN . Condition _RPAREN _LBRACKET Block _RBRACKET _ELSE _LBRACKET Block _RBRACKET
   47          | _IF _LPAREN . Condition _RPAREN _LBRACKET Block _RBRACKET ElseIfList

    _NEW           shift, and go to state 107
    _ID            shift, and go to state 108
    _NUMBER        shift, and go to state 109
    _CHAR_CONST    shift, and go to state 110
    _STRING_CONST  shift, and go to state 111
    _PLUS          shift, and go to state 112
    _MINUS         shift, and go to state 113
    _LPAREN        shift, and go to state 115

    Condition   go to state 134
    CondTerm    go to state 131
    CondFact    go to state 132
    Expression  go to state 133
    Term        go to state 117
    Factor      go to state 118
    Designator  go to state 119


State 107

   85 Factor: _NEW . _ID
   86       | _NEW . _ID _LSQBRACKET Expression _RSQBRACKET
   87       | _NEW . _TYPE _LSQBRACKET Expression _RSQBRACKET

    _TYPE  shift, and go to state 135
    _ID    shift, and go to state 136


State 108

   89 Designator: _ID .
   91           | _ID . @5 DesignatorRepeatList

    _DOT         reduce using rule 90 (@5)
    _LSQBRACKET  reduce using rule 90 (@5)
    $default     reduce using rule 89 (Designator)

    @5  go to state 120


State 109

   82 Factor: _NUMBER .

    $default  reduce using rule 82 (Factor)


State 110

   83 Factor: _CHAR_CONST .

    $default  reduce using rule 83 (Factor)


State 111

   84 Factor: _STRING_CONST .

    $default  reduce using rule 84 (Factor)


State 112

   68 Expression: _PLUS . Term
   71           | _PLUS . Term AddopTermList

    _NEW           shift, and go to state 107
    _ID            shift, and go to state 108
    _NUMBER        shift, and go to state 109
    _CHAR_CONST    shift, and go to state 110
    _STRING_CONST  shift, and go to state 111
    _LPAREN        shift, and go to state 115

    Term        go to state 137
    Factor      go to state 118
    Designator  go to state 119


State 113

   67 Expression: _MINUS . Term
   70           | _MINUS . Term AddopTermList

    _NEW           shift, and go to state 107
    _ID            shift, and go to state 108
    _NUMBER        shift, and go to state 109
    _CHAR_CONST    shift, and go to state 110
    _STRING_CONST  shift, and go to state 111
    _LPAREN        shift, and go to state 115

    Term        go to state 138
    Factor      go to state 118
    Designator  go to state 119


State 114

   50 Statement: _RETURN _SEMICOLON .

    $default  reduce using rule 50 (Statement)


State 115

   88 Factor: _LPAREN . Expression _RPAREN

    _NEW           shift, and go to state 107
    _ID            shift, and go to state 108
    _NUMBER        shift, and go to state 109
    _CHAR_CONST    shift, and go to state 110
    _STRING_CONST  shift, and go to state 111
    _PLUS          shift, and go to state 112
    _MINUS         shift, and go to state 113
    _LPAREN        shift, and go to state 115

    Expression  go to state 139
    Term        go to state 117
    Factor      go to state 118
    Designator  go to state 119


State 116

   51 Statement: _RETURN Expression . _SEMICOLON

    _SEMICOLON  shift, and go to state 140


State 117

   69 Expression: Term .
   72           | Term . AddopTermList

    _PLUS   shift, and go to state 141
    _MINUS  shift, and go to state 142

    $default  reduce using rule 69 (Expression)

    AddopTermList  go to state 143
    Addop          go to state 144


State 118

   75 Term: Factor .
   76     | Factor . MulopFactorList

    _TIMES  shift, and go to state 145
    _DIV    shift, and go to state 146
    _MOD    shift, and go to state 147

    $default  reduce using rule 75 (Term)

    MulopFactorList  go to state 148
    Mulop            go to state 149


State 119

   79 Factor: Designator .
   80       | Designator . _LPAREN _RPAREN
   81       | Designator . _LPAREN ActPars _RPAREN

    _LPAREN  shift, and go to state 150

    $default  reduce using rule 79 (Factor)


State 120

   91 Designator: _ID @5 . DesignatorRepeatList

    _DOT         shift, and go to state 151
    _LSQBRACKET  shift, and go to state 152

    DesignatorRepeatList  go to state 153
    DesignatorRepeat      go to state 154


State 121

   30 MethodDecl: _VOID _ID _LPAREN FormPars _RPAREN VarList _LBRACKET Block _RBRACKET .

    $default  reduce using rule 30 (MethodDecl)


State 122

   37 Block: Statement Block .

    $default  reduce using rule 37 (Block)


State 123

   40 Statement: Designator _ASSIGN . Expression _SEMICOLON

    _NEW           shift, and go to state 107
    _ID            shift, and go to state 108
    _NUMBER        shift, and go to state 109
    _CHAR_CONST    shift, and go to state 110
    _STRING_CONST  shift, and go to state 111
    _PLUS          shift, and go to state 112
    _MINUS         shift, and go to state 113
    _LPAREN        shift, and go to state 115

    Expression  go to state 155
    Term        go to state 117
    Factor      go to state 118
    Designator  go to state 119


State 124

   43 Statement: Designator _INCREMENT . _SEMICOLON

    _SEMICOLON  shift, and go to state 156


State 125

   44 Statement: Designator _DECREMENT . _SEMICOLON

    _SEMICOLON  shift, and go to state 157


State 126

   41 Statement: Designator _LPAREN . ActPars _RPAREN _SEMICOLON
   42          | Designator _LPAREN . _RPAREN _SEMICOLON

    _NEW           shift, and go to state 107
    _ID            shift, and go to state 108
    _NUMBER        shift, and go to state 109
    _CHAR_CONST    shift, and go to state 110
    _STRING_CONST  shift, and go to state 111
    _PLUS          shift, and go to state 112
    _MINUS         shift, and go to state 113
    _LPAREN        shift, and go to state 115
    _RPAREN        shift, and go to state 158

    ActPars     go to state 159
    Expression  go to state 160
    Term        go to state 117
    Factor      go to state 118
    Designator  go to state 119


State 127

   29 MethodDecl: _TYPE _ID $@2 _LPAREN $@3 FormPars _RPAREN $@4 VarList . _LBRACKET Block _RBRACKET

    _LBRACKET  shift, and go to state 161


State 128

   53 Statement: _PRINT _LPAREN Expression . _RPAREN _SEMICOLON
   54          | _PRINT _LPAREN Expression . _COMMA _NUMBER _RPAREN _SEMICOLON

    _COMMA   shift, and go to state 162
    _RPAREN  shift, and go to state 163


State 129

   52 Statement: _READ _LPAREN Designator . _RPAREN _SEMICOLON

    _RPAREN  shift, and go to state 164


State 130

   48 Statement: _WHILE _LPAREN Condition . _RPAREN _LBRACKET Block _RBRACKET
   60 Condition: Condition . _OR CondTerm

    _OR      shift, and go to state 165
    _RPAREN  shift, and go to state 166


State 131

   59 Condition: CondTerm .
   62 CondTerm: CondTerm . _AND CondFact

    _AND  shift, and go to state 167

    $default  reduce using rule 59 (Condition)


State 132

   61 CondTerm: CondFact .

    $default  reduce using rule 61 (CondTerm)


State 133

   63 CondFact: Expression .
   64         | Expression . CondFactList

    _RELOP  shift, and go to state 168

    $default  reduce using rule 63 (CondFact)

    CondFactList  go to state 169
    Relop         go to state 170


State 134

   45 Statement: _IF _LPAREN Condition . _RPAREN _LBRACKET Block _RBRACKET
   46          | _IF _LPAREN Condition . _RPAREN _LBRACKET Block _RBRACKET _ELSE _LBRACKET Block _RBRACKET
   47          | _IF _LPAREN Condition . _RPAREN _LBRACKET Block _RBRACKET ElseIfList
   60 Condition: Condition . _OR CondTerm

    _OR      shift, and go to state 165
    _RPAREN  shift, and go to state 171


State 135

   87 Factor: _NEW _TYPE . _LSQBRACKET Expression _RSQBRACKET

    _LSQBRACKET  shift, and go to state 172


State 136

   85 Factor: _NEW _ID .
   86       | _NEW _ID . _LSQBRACKET Expression _RSQBRACKET

    _LSQBRACKET  shift, and go to state 173

    $default  reduce using rule 85 (Factor)


State 137

   68 Expression: _PLUS Term .
   71           | _PLUS Term . AddopTermList

    _PLUS   shift, and go to state 141
    _MINUS  shift, and go to state 142

    $default  reduce using rule 68 (Expression)

    AddopTermList  go to state 174
    Addop          go to state 144


State 138

   67 Expression: _MINUS Term .
   70           | _MINUS Term . AddopTermList

    _PLUS   shift, and go to state 141
    _MINUS  shift, and go to state 142

    $default  reduce using rule 67 (Expression)

    AddopTermList  go to state 175
    Addop          go to state 144


State 139

   88 Factor: _LPAREN Expression . _RPAREN

    _RPAREN  shift, and go to state 176


State 140

   51 Statement: _RETURN Expression _SEMICOLON .

    $default  reduce using rule 51 (Statement)


State 141

   97 Addop: _PLUS .

    $default  reduce using rule 97 (Addop)


State 142

   98 Addop: _MINUS .

    $default  reduce using rule 98 (Addop)


State 143

   72 Expression: Term AddopTermList .

    $default  reduce using rule 72 (Expression)


State 144

   73 AddopTermList: Addop . Term
   74              | Addop . Term AddopTermList

    _NEW           shift, and go to state 107
    _ID            shift, and go to state 108
    _NUMBER        shift, and go to state 109
    _CHAR_CONST    shift, and go to state 110
    _STRING_CONST  shift, and go to state 111
    _LPAREN        shift, and go to state 115

    Term        go to state 177
    Factor      go to state 118
    Designator  go to state 119


State 145

   99 Mulop: _TIMES .

    $default  reduce using rule 99 (Mulop)


State 146

  100 Mulop: _DIV .

    $default  reduce using rule 100 (Mulop)


State 147

  101 Mulop: _MOD .

    $default  reduce using rule 101 (Mulop)


State 148

   76 Term: Factor MulopFactorList .
   78 MulopFactorList: MulopFactorList . Mulop Factor

    _TIMES  shift, and go to state 145
    _DIV    shift, and go to state 146
    _MOD    shift, and go to state 147

    $default  reduce using rule 76 (Term)

    Mulop  go to state 178


State 149

   77 MulopFactorList: Mulop . Factor

    _NEW           shift, and go to state 107
    _ID            shift, and go to state 108
    _NUMBER        shift, and go to state 109
    _CHAR_CONST    shift, and go to state 110
    _STRING_CONST  shift, and go to state 111
    _LPAREN        shift, and go to state 115

    Factor      go to state 179
    Designator  go to state 119


State 150

   80 Factor: Designator _LPAREN . _RPAREN
   81       | Designator _LPAREN . ActPars _RPAREN

    _NEW           shift, and go to state 107
    _ID            shift, and go to state 108
    _NUMBER        shift, and go to state 109
    _CHAR_CONST    shift, and go to state 110
    _STRING_CONST  shift, and go to state 111
    _PLUS          shift, and go to state 112
    _MINUS         shift, and go to state 113
    _LPAREN        shift, and go to state 115
    _RPAREN        shift, and go to state 180

    ActPars     go to state 181
    Expression  go to state 160
    Term        go to state 117
    Factor      go to state 118
    Designator  go to state 119


State 151

   94 DesignatorRepeat: _DOT . _ID

    _ID  shift, and go to state 182


State 152

   95 DesignatorRepeat: _LSQBRACKET . Expression _RSQBRACKET

    _NEW           shift, and go to state 107
    _ID            shift, and go to state 108
    _NUMBER        shift, and go to state 109
    _CHAR_CONST    shift, and go to state 110
    _STRING_CONST  shift, and go to state 111
    _PLUS          shift, and go to state 112
    _MINUS         shift, and go to state 113
    _LPAREN        shift, and go to state 115

    Expression  go to state 183
    Term        go to state 117
    Factor      go to state 118
    Designator  go to state 119


State 153

   91 Designator: _ID @5 DesignatorRepeatList .
   93 DesignatorRepeatList: DesignatorRepeatList . DesignatorRepeat

    _DOT         shift, and go to state 151
    _LSQBRACKET  shift, and go to state 152

    $default  reduce using rule 91 (Designator)

    DesignatorRepeat  go to state 184


State 154

   92 DesignatorRepeatList: DesignatorRepeat .

    $default  reduce using rule 92 (DesignatorRepeatList)


State 155

   40 Statement: Designator _ASSIGN Expression . _SEMICOLON

    _SEMICOLON  shift, and go to state 185


State 156

   43 Statement: Designator _INCREMENT _SEMICOLON .

    $default  reduce using rule 43 (Statement)


State 157

   44 Statement: Designator _DECREMENT _SEMICOLON .

    $default  reduce using rule 44 (Statement)


State 158

   42 Statement: Designator _LPAREN _RPAREN . _SEMICOLON

    _SEMICOLON  shift, and go to state 186


State 159

   41 Statement: Designator _LPAREN ActPars . _RPAREN _SEMICOLON
   58 ActPars: ActPars . _COMMA Expression

    _COMMA   shift, and go to state 187
    _RPAREN  shift, and go to state 188


State 160

   57 ActPars: Expression .

    $default  reduce using rule 57 (ActPars)


State 161

   29 MethodDecl: _TYPE _ID $@2 _LPAREN $@3 FormPars _RPAREN $@4 VarList _LBRACKET . Block _RBRACKET

    _BREAK   shift, and go to state 90
    _PRINT   shift, and go to state 91
    _READ    shift, and go to state 92
    _WHILE   shift, and go to state 93
    _IF      shift, and go to state 94
    _RETURN  shift, and go to state 95
    _TYPE    shift, and go to state 15
    _ID      shift, and go to state 96

    $default  reduce using rule 36 (Block)

    VarDecl     go to state 97
    Block       go to state 189
    Statement   go to state 99
    Designator  go to state 100


State 162

   54 Statement: _PRINT _LPAREN Expression _COMMA . _NUMBER _RPAREN _SEMICOLON

    _NUMBER  shift, and go to state 190


State 163

   53 Statement: _PRINT _LPAREN Expression _RPAREN . _SEMICOLON

    _SEMICOLON  shift, and go to state 191


State 164

   52 Statement: _READ _LPAREN Designator _RPAREN . _SEMICOLON

    _SEMICOLON  shift, and go to state 192


State 165

   60 Condition: Condition _OR . CondTerm

    _NEW           shift, and go to state 107
    _ID            shift, and go to state 108
    _NUMBER        shift, and go to state 109
    _CHAR_CONST    shift, and go to state 110
    _STRING_CONST  shift, and go to state 111
    _PLUS          shift, and go to state 112
    _MINUS         shift, and go to state 113
    _LPAREN        shift, and go to state 115

    CondTerm    go to state 193
    CondFact    go to state 132
    Expression  go to state 133
    Term        go to state 117
    Factor      go to state 118
    Designator  go to state 119


State 166

   48 Statement: _WHILE _LPAREN Condition _RPAREN . _LBRACKET Block _RBRACKET

    _LBRACKET  shift, and go to state 194


State 167

   62 CondTerm: CondTerm _AND . CondFact

    _NEW           shift, and go to state 107
    _ID            shift, and go to state 108
    _NUMBER        shift, and go to state 109
    _CHAR_CONST    shift, and go to state 110
    _STRING_CONST  shift, and go to state 111
    _PLUS          shift, and go to state 112
    _MINUS         shift, and go to state 113
    _LPAREN        shift, and go to state 115

    CondFact    go to state 195
    Expression  go to state 133
    Term        go to state 117
    Factor      go to state 118
    Designator  go to state 119


State 168

   96 Relop: _RELOP .

    $default  reduce using rule 96 (Relop)


State 169

   64 CondFact: Expression CondFactList .
   66 CondFactList: CondFactList . Relop Expression

    _RELOP  shift, and go to state 168

    $default  reduce using rule 64 (CondFact)

    Relop  go to state 196


State 170

   65 CondFactList: Relop . Expression

    _NEW           shift, and go to state 107
    _ID            shift, and go to state 108
    _NUMBER        shift, and go to state 109
    _CHAR_CONST    shift, and go to state 110
    _STRING_CONST  shift, and go to state 111
    _PLUS          shift, and go to state 112
    _MINUS         shift, and go to state 113
    _LPAREN        shift, and go to state 115

    Expression  go to state 197
    Term        go to state 117
    Factor      go to state 118
    Designator  go to state 119


State 171

   45 Statement: _IF _LPAREN Condition _RPAREN . _LBRACKET Block _RBRACKET
   46          | _IF _LPAREN Condition _RPAREN . _LBRACKET Block _RBRACKET _ELSE _LBRACKET Block _RBRACKET
   47          | _IF _LPAREN Condition _RPAREN . _LBRACKET Block _RBRACKET ElseIfList

    _LBRACKET  shift, and go to state 198


State 172

   87 Factor: _NEW _TYPE _LSQBRACKET . Expression _RSQBRACKET

    _NEW           shift, and go to state 107
    _ID            shift, and go to state 108
    _NUMBER        shift, and go to state 109
    _CHAR_CONST    shift, and go to state 110
    _STRING_CONST  shift, and go to state 111
    _PLUS          shift, and go to state 112
    _MINUS         shift, and go to state 113
    _LPAREN        shift, and go to state 115

    Expression  go to state 199
    Term        go to state 117
    Factor      go to state 118
    Designator  go to state 119


State 173

   86 Factor: _NEW _ID _LSQBRACKET . Expression _RSQBRACKET

    _NEW           shift, and go to state 107
    _ID            shift, and go to state 108
    _NUMBER        shift, and go to state 109
    _CHAR_CONST    shift, and go to state 110
    _STRING_CONST  shift, and go to state 111
    _PLUS          shift, and go to state 112
    _MINUS         shift, and go to state 113
    _LPAREN        shift, and go to state 115

    Expression  go to state 200
    Term        go to state 117
    Factor      go to state 118
    Designator  go to state 119


State 174

   71 Expression: _PLUS Term AddopTermList .

    $default  reduce using rule 71 (Expression)


State 175

   70 Expression: _MINUS Term AddopTermList .

    $default  reduce using rule 70 (Expression)


State 176

   88 Factor: _LPAREN Expression _RPAREN .

    $default  reduce using rule 88 (Factor)


State 177

   73 AddopTermList: Addop Term .
   74              | Addop Term . AddopTermList

    _PLUS   shift, and go to state 141
    _MINUS  shift, and go to state 142

    $default  reduce using rule 73 (AddopTermList)

    AddopTermList  go to state 201
    Addop          go to state 144


State 178

   78 MulopFactorList: MulopFactorList Mulop . Factor

    _NEW           shift, and go to state 107
    _ID            shift, and go to state 108
    _NUMBER        shift, and go to state 109
    _CHAR_CONST    shift, and go to state 110
    _STRING_CONST  shift, and go to state 111
    _LPAREN        shift, and go to state 115

    Factor      go to state 202
    Designator  go to state 119


State 179

   77 MulopFactorList: Mulop Factor .

    $default  reduce using rule 77 (MulopFactorList)


State 180

   80 Factor: Designator _LPAREN _RPAREN .

    $default  reduce using rule 80 (Factor)


State 181

   58 ActPars: ActPars . _COMMA Expression
   81 Factor: Designator _LPAREN ActPars . _RPAREN

    _COMMA   shift, and go to state 187
    _RPAREN  shift, and go to state 203


State 182

   94 DesignatorRepeat: _DOT _ID .

    $default  reduce using rule 94 (DesignatorRepeat)


State 183

   95 DesignatorRepeat: _LSQBRACKET Expression . _RSQBRACKET

    _RSQBRACKET  shift, and go to state 204


State 184

   93 DesignatorRepeatList: DesignatorRepeatList DesignatorRepeat .

    $default  reduce using rule 93 (DesignatorRepeatList)


State 185

   40 Statement: Designator _ASSIGN Expression _SEMICOLON .

    $default  reduce using rule 40 (Statement)


State 186

   42 Statement: Designator _LPAREN _RPAREN _SEMICOLON .

    $default  reduce using rule 42 (Statement)


State 187

   58 ActPars: ActPars _COMMA . Expression

    _NEW           shift, and go to state 107
    _ID            shift, and go to state 108
    _NUMBER        shift, and go to state 109
    _CHAR_CONST    shift, and go to state 110
    _STRING_CONST  shift, and go to state 111
    _PLUS          shift, and go to state 112
    _MINUS         shift, and go to state 113
    _LPAREN        shift, and go to state 115

    Expression  go to state 205
    Term        go to state 117
    Factor      go to state 118
    Designator  go to state 119


State 188

   41 Statement: Designator _LPAREN ActPars _RPAREN . _SEMICOLON

    _SEMICOLON  shift, and go to state 206


State 189

   29 MethodDecl: _TYPE _ID $@2 _LPAREN $@3 FormPars _RPAREN $@4 VarList _LBRACKET Block . _RBRACKET

    _RBRACKET  shift, and go to state 207


State 190

   54 Statement: _PRINT _LPAREN Expression _COMMA _NUMBER . _RPAREN _SEMICOLON

    _RPAREN  shift, and go to state 208


State 191

   53 Statement: _PRINT _LPAREN Expression _RPAREN _SEMICOLON .

    $default  reduce using rule 53 (Statement)


State 192

   52 Statement: _READ _LPAREN Designator _RPAREN _SEMICOLON .

    $default  reduce using rule 52 (Statement)


State 193

   60 Condition: Condition _OR CondTerm .
   62 CondTerm: CondTerm . _AND CondFact

    _AND  shift, and go to state 167

    $default  reduce using rule 60 (Condition)


State 194

   48 Statement: _WHILE _LPAREN Condition _RPAREN _LBRACKET . Block _RBRACKET

    _BREAK   shift, and go to state 90
    _PRINT   shift, and go to state 91
    _READ    shift, and go to state 92
    _WHILE   shift, and go to state 93
    _IF      shift, and go to state 94
    _RETURN  shift, and go to state 95
    _TYPE    shift, and go to state 15
    _ID      shift, and go to state 96

    $default  reduce using rule 36 (Block)

    VarDecl     go to state 97
    Block       go to state 209
    Statement   go to state 99
    Designator  go to state 100


State 195

   62 CondTerm: CondTerm _AND CondFact .

    $default  reduce using rule 62 (CondTerm)


State 196

   66 CondFactList: CondFactList Relop . Expression

    _NEW           shift, and go to state 107
    _ID            shift, and go to state 108
    _NUMBER        shift, and go to state 109
    _CHAR_CONST    shift, and go to state 110
    _STRING_CONST  shift, and go to state 111
    _PLUS          shift, and go to state 112
    _MINUS         shift, and go to state 113
    _LPAREN        shift, and go to state 115

    Expression  go to state 210
    Term        go to state 117
    Factor      go to state 118
    Designator  go to state 119


State 197

   65 CondFactList: Relop Expression .

    $default  reduce using rule 65 (CondFactList)


State 198

   45 Statement: _IF _LPAREN Condition _RPAREN _LBRACKET . Block _RBRACKET
   46          | _IF _LPAREN Condition _RPAREN _LBRACKET . Block _RBRACKET _ELSE _LBRACKET Block _RBRACKET
   47          | _IF _LPAREN Condition _RPAREN _LBRACKET . Block _RBRACKET ElseIfList

    _BREAK   shift, and go to state 90
    _PRINT   shift, and go to state 91
    _READ    shift, and go to state 92
    _WHILE   shift, and go to state 93
    _IF      shift, and go to state 94
    _RETURN  shift, and go to state 95
    _TYPE    shift, and go to state 15
    _ID      shift, and go to state 96

    $default  reduce using rule 36 (Block)

    VarDecl     go to state 97
    Block       go to state 211
    Statement   go to state 99
    Designator  go to state 100


State 199

   87 Factor: _NEW _TYPE _LSQBRACKET Expression . _RSQBRACKET

    _RSQBRACKET  shift, and go to state 212


State 200

   86 Factor: _NEW _ID _LSQBRACKET Expression . _RSQBRACKET

    _RSQBRACKET  shift, and go to state 213


State 201

   74 AddopTermList: Addop Term AddopTermList .

    $default  reduce using rule 74 (AddopTermList)


State 202

   78 MulopFactorList: MulopFactorList Mulop Factor .

    $default  reduce using rule 78 (MulopFactorList)


State 203

   81 Factor: Designator _LPAREN ActPars _RPAREN .

    $default  reduce using rule 81 (Factor)


State 204

   95 DesignatorRepeat: _LSQBRACKET Expression _RSQBRACKET .

    $default  reduce using rule 95 (DesignatorRepeat)


State 205

   58 ActPars: ActPars _COMMA Expression .

    $default  reduce using rule 58 (ActPars)


State 206

   41 Statement: Designator _LPAREN ActPars _RPAREN _SEMICOLON .

    $default  reduce using rule 41 (Statement)


State 207

   29 MethodDecl: _TYPE _ID $@2 _LPAREN $@3 FormPars _RPAREN $@4 VarList _LBRACKET Block _RBRACKET .

    $default  reduce using rule 29 (MethodDecl)


State 208

   54 Statement: _PRINT _LPAREN Expression _COMMA _NUMBER _RPAREN . _SEMICOLON

    _SEMICOLON  shift, and go to state 214


State 209

   48 Statement: _WHILE _LPAREN Condition _RPAREN _LBRACKET Block . _RBRACKET

    _RBRACKET  shift, and go to state 215


State 210

   66 CondFactList: CondFactList Relop Expression .

    $default  reduce using rule 66 (CondFactList)


State 211

   45 Statement: _IF _LPAREN Condition _RPAREN _LBRACKET Block . _RBRACKET
   46          | _IF _LPAREN Condition _RPAREN _LBRACKET Block . _RBRACKET _ELSE _LBRACKET Block _RBRACKET
   47          | _IF _LPAREN Condition _RPAREN _LBRACKET Block . _RBRACKET ElseIfList

    _RBRACKET  shift, and go to state 216


State 212

   87 Factor: _NEW _TYPE _LSQBRACKET Expression _RSQBRACKET .

    $default  reduce using rule 87 (Factor)


State 213

   86 Factor: _NEW _ID _LSQBRACKET Expression _RSQBRACKET .

    $default  reduce using rule 86 (Factor)


State 214

   54 Statement: _PRINT _LPAREN Expression _COMMA _NUMBER _RPAREN _SEMICOLON .

    $default  reduce using rule 54 (Statement)


State 215

   48 Statement: _WHILE _LPAREN Condition _RPAREN _LBRACKET Block _RBRACKET .

    $default  reduce using rule 48 (Statement)


State 216

   45 Statement: _IF _LPAREN Condition _RPAREN _LBRACKET Block _RBRACKET .
   46          | _IF _LPAREN Condition _RPAREN _LBRACKET Block _RBRACKET . _ELSE _LBRACKET Block _RBRACKET
   47          | _IF _LPAREN Condition _RPAREN _LBRACKET Block _RBRACKET . ElseIfList

    _ELSE  shift, and go to state 217

    $default  reduce using rule 45 (Statement)

    ElseIfList  go to state 218


State 217

   46 Statement: _IF _LPAREN Condition _RPAREN _LBRACKET Block _RBRACKET _ELSE . _LBRACKET Block _RBRACKET
   55 ElseIfList: _ELSE . _IF _LPAREN Condition _RPAREN _LBRACKET Block _RBRACKET

    _IF        shift, and go to state 219
    _LBRACKET  shift, and go to state 220


State 218

   47 Statement: _IF _LPAREN Condition _RPAREN _LBRACKET Block _RBRACKET ElseIfList .
   56 ElseIfList: ElseIfList . _ELSE _IF _LPAREN Condition _RPAREN _LBRACKET Block _RBRACKET

    _ELSE  shift, and go to state 221

    $default  reduce using rule 47 (Statement)


State 219

   55 ElseIfList: _ELSE _IF . _LPAREN Condition _RPAREN _LBRACKET Block _RBRACKET

    _LPAREN  shift, and go to state 222


State 220

   46 Statement: _IF _LPAREN Condition _RPAREN _LBRACKET Block _RBRACKET _ELSE _LBRACKET . Block _RBRACKET

    _BREAK   shift, and go to state 90
    _PRINT   shift, and go to state 91
    _READ    shift, and go to state 92
    _WHILE   shift, and go to state 93
    _IF      shift, and go to state 94
    _RETURN  shift, and go to state 95
    _TYPE    shift, and go to state 15
    _ID      shift, and go to state 96

    $default  reduce using rule 36 (Block)

    VarDecl     go to state 97
    Block       go to state 223
    Statement   go to state 99
    Designator  go to state 100


State 221

   56 ElseIfList: ElseIfList _ELSE . _IF _LPAREN Condition _RPAREN _LBRACKET Block _RBRACKET

    _IF  shift, and go to state 224


State 222

   55 ElseIfList: _ELSE _IF _LPAREN . Condition _RPAREN _LBRACKET Block _RBRACKET

    _NEW           shift, and go to state 107
    _ID            shift, and go to state 108
    _NUMBER        shift, and go to state 109
    _CHAR_CONST    shift, and go to state 110
    _STRING_CONST  shift, and go to state 111
    _PLUS          shift, and go to state 112
    _MINUS         shift, and go to state 113
    _LPAREN        shift, and go to state 115

    Condition   go to state 225
    CondTerm    go to state 131
    CondFact    go to state 132
    Expression  go to state 133
    Term        go to state 117
    Factor      go to state 118
    Designator  go to state 119


State 223

   46 Statement: _IF _LPAREN Condition _RPAREN _LBRACKET Block _RBRACKET _ELSE _LBRACKET Block . _RBRACKET

    _RBRACKET  shift, and go to state 226


State 224

   56 ElseIfList: ElseIfList _ELSE _IF . _LPAREN Condition _RPAREN _LBRACKET Block _RBRACKET

    _LPAREN  shift, and go to state 227


State 225

   55 ElseIfList: _ELSE _IF _LPAREN Condition . _RPAREN _LBRACKET Block _RBRACKET
   60 Condition: Condition . _OR CondTerm

    _OR      shift, and go to state 165
    _RPAREN  shift, and go to state 228


State 226

   46 Statement: _IF _LPAREN Condition _RPAREN _LBRACKET Block _RBRACKET _ELSE _LBRACKET Block _RBRACKET .

    $default  reduce using rule 46 (Statement)


State 227

   56 ElseIfList: ElseIfList _ELSE _IF _LPAREN . Condition _RPAREN _LBRACKET Block _RBRACKET

    _NEW           shift, and go to state 107
    _ID            shift, and go to state 108
    _NUMBER        shift, and go to state 109
    _CHAR_CONST    shift, and go to state 110
    _STRING_CONST  shift, and go to state 111
    _PLUS          shift, and go to state 112
    _MINUS         shift, and go to state 113
    _LPAREN        shift, and go to state 115

    Condition   go to state 229
    CondTerm    go to state 131
    CondFact    go to state 132
    Expression  go to state 133
    Term        go to state 117
    Factor      go to state 118
    Designator  go to state 119


State 228

   55 ElseIfList: _ELSE _IF _LPAREN Condition _RPAREN . _LBRACKET Block _RBRACKET

    _LBRACKET  shift, and go to state 230


State 229

   56 ElseIfList: ElseIfList _ELSE _IF _LPAREN Condition . _RPAREN _LBRACKET Block _RBRACKET
   60 Condition: Condition . _OR CondTerm

    _OR      shift, and go to state 165
    _RPAREN  shift, and go to state 231


State 230

   55 ElseIfList: _ELSE _IF _LPAREN Condition _RPAREN _LBRACKET . Block _RBRACKET

    _BREAK   shift, and go to state 90
    _PRINT   shift, and go to state 91
    _READ    shift, and go to state 92
    _WHILE   shift, and go to state 93
    _IF      shift, and go to state 94
    _RETURN  shift, and go to state 95
    _TYPE    shift, and go to state 15
    _ID      shift, and go to state 96

    $default  reduce using rule 36 (Block)

    VarDecl     go to state 97
    Block       go to state 232
    Statement   go to state 99
    Designator  go to state 100


State 231

   56 ElseIfList: ElseIfList _ELSE _IF _LPAREN Condition _RPAREN . _LBRACKET Block _RBRACKET

    _LBRACKET  shift, and go to state 233


State 232

   55 ElseIfList: _ELSE _IF _LPAREN Condition _RPAREN _LBRACKET Block . _RBRACKET

    _RBRACKET  shift, and go to state 234


State 233

   56 ElseIfList: ElseIfList _ELSE _IF _LPAREN Condition _RPAREN _LBRACKET . Block _RBRACKET

    _BREAK   shift, and go to state 90
    _PRINT   shift, and go to state 91
    _READ    shift, and go to state 92
    _WHILE   shift, and go to state 93
    _IF      shift, and go to state 94
    _RETURN  shift, and go to state 95
    _TYPE    shift, and go to state 15
    _ID      shift, and go to state 96

    $default  reduce using rule 36 (Block)

    VarDecl     go to state 97
    Block       go to state 235
    Statement   go to state 99
    Designator  go to state 100


State 234

   55 ElseIfList: _ELSE _IF _LPAREN Condition _RPAREN _LBRACKET Block _RBRACKET .

    $default  reduce using rule 55 (ElseIfList)


State 235

   56 ElseIfList: ElseIfList _ELSE _IF _LPAREN Condition _RPAREN _LBRACKET Block . _RBRACKET

    _RBRACKET  shift, and go to state 236


State 236

   56 ElseIfList: ElseIfList _ELSE _IF _LPAREN Condition _RPAREN _LBRACKET Block _RBRACKET .

    $default  reduce using rule 56 (ElseIfList)
